2018-11-03 14:02:54,804 INFO [VIPSRV-DISTRO] healthy server list changed, disable health check for 60000ms from now on, healthList: [],newHealthyList [192.168.206.1:0]

2018-11-03 14:02:59,895 ERROR AUTO-INIT

java.lang.IllegalStateException: unable to find local peer: 192.168.206.1:0, all peers: []
	at com.alibaba.nacos.naming.raft.PeerSet.local(PeerSet.java:181)
	at com.alibaba.nacos.naming.raft.PeerSet.getLeader(PeerSet.java:49)
	at com.alibaba.nacos.naming.core.DomainsManager.initConfig(DomainsManager.java:96)
	at com.alibaba.nacos.naming.core.DomainsManager.access$500(DomainsManager.java:46)
	at com.alibaba.nacos.naming.core.DomainsManager$3.run(DomainsManager.java:617)
	at java.util.concurrent.Executors$RunnableAdapter.call(Unknown Source)
	at java.util.concurrent.FutureTask.run(Unknown Source)
	at java.util.concurrent.ScheduledThreadPoolExecutor$ScheduledFutureTask.access$201(Unknown Source)
	at java.util.concurrent.ScheduledThreadPoolExecutor$ScheduledFutureTask.run(Unknown Source)
	at java.util.concurrent.ThreadPoolExecutor.runWorker(Unknown Source)
	at java.util.concurrent.ThreadPoolExecutor$Worker.run(Unknown Source)
	at java.lang.Thread.run(Unknown Source)
2018-11-03 14:03:04,905 ERROR AUTO-INIT

java.lang.IllegalStateException: unable to find local peer: 192.168.206.1:0, all peers: []
	at com.alibaba.nacos.naming.raft.PeerSet.local(PeerSet.java:181)
	at com.alibaba.nacos.naming.raft.PeerSet.getLeader(PeerSet.java:49)
	at com.alibaba.nacos.naming.core.DomainsManager.initConfig(DomainsManager.java:96)
	at com.alibaba.nacos.naming.core.DomainsManager.access$500(DomainsManager.java:46)
	at com.alibaba.nacos.naming.core.DomainsManager$3.run(DomainsManager.java:617)
	at java.util.concurrent.Executors$RunnableAdapter.call(Unknown Source)
	at java.util.concurrent.FutureTask.run(Unknown Source)
	at java.util.concurrent.ScheduledThreadPoolExecutor$ScheduledFutureTask.access$201(Unknown Source)
	at java.util.concurrent.ScheduledThreadPoolExecutor$ScheduledFutureTask.run(Unknown Source)
	at java.util.concurrent.ThreadPoolExecutor.runWorker(Unknown Source)
	at java.util.concurrent.ThreadPoolExecutor$Worker.run(Unknown Source)
	at java.lang.Thread.run(Unknown Source)
2018-11-03 14:03:09,089 INFO [SERVER-INIT] got port:8848

2018-11-03 14:03:09,090 INFO [SERVER-INIT] got path:/nacos

2018-11-03 14:03:09,906 INFO [AUTO-INIT] leader is: 192.168.206.1:8848

2018-11-03 14:03:24,907 INFO [HEALTH-CHECK] health check is false

2018-11-03 14:03:54,886 INFO [VIPSRV-DISTRO] distro threshold restored and stable now, enable health check. current ratio: 1.0

2018-11-03 14:03:54,886 INFO [VIPSRV-DISTRO] healthy server list changed, disable health check for 60000ms from now on

